{
  "RSpec": {
    "coverage": {
      "/Users/rosannehoyem/Development/code/code-challenges/guest-book/app/models/user.rb": [
        1,
        1,
        1,
        1,
        1,
        1,
        null,
        null
      ],
      "/Users/rosannehoyem/Development/code/code-challenges/guest-book/app/controllers/main_controller.rb": [
        1,
        1,
        3,
        3,
        0,
        null,
        null,
        null,
        null
      ],
      "/Users/rosannehoyem/Development/code/code-challenges/guest-book/app/controllers/application_controller.rb": [
        1,
        null,
        null,
        1,
        null,
        1,
        null,
        1,
        12,
        null,
        1,
        null,
        1,
        0,
        null,
        null,
        null
      ],
      "/Users/rosannehoyem/Development/code/code-challenges/guest-book/app/models/message.rb": [
        1,
        1,
        1,
        null,
        null
      ],
      "/Users/rosannehoyem/Development/code/code-challenges/guest-book/app/controllers/sessions_controller.rb": [
        1,
        1,
        null,
        null,
        1,
        1,
        1,
        0,
        0,
        null,
        1,
        1,
        null,
        null,
        null,
        1,
        0,
        0,
        null,
        null
      ],
      "/Users/rosannehoyem/Development/code/code-challenges/guest-book/app/controllers/users_controller.rb": [
        1,
        1,
        null,
        1,
        1,
        null,
        null,
        1,
        0,
        0,
        0,
        0,
        null,
        0,
        null,
        null,
        null,
        1,
        null,
        null,
        1,
        null,
        null,
        1,
        0,
        0,
        0,
        0,
        null,
        0,
        0,
        null,
        null,
        null,
        null,
        1,
        0,
        null,
        null,
        null,
        1,
        1,
        0,
        null,
        null,
        1,
        0,
        null,
        null
      ]
    },
    "timestamp": 1391480097
  }
}
