{
  "RSpec": {
    "coverage": {
      "/Users/rosannehoyem/Development/code/code-challenges/guest-book/app/controllers/users_controller.rb": [
        1,
        1,
        null,
        1,
        1,
        null,
        null,
        1,
        4,
        4,
        3,
        3,
        null,
        1,
        null,
        null,
        null,
        1,
        null,
        null,
        1,
        null,
        null,
        1,
        5,
        5,
        4,
        2,
        null,
        6,
        3,
        null,
        null,
        null,
        null,
        1,
        2,
        null,
        null,
        null,
        1,
        1,
        9,
        null,
        null,
        1,
        7,
        null,
        null
      ],
      "/Users/rosannehoyem/Development/code/code-challenges/guest-book/app/controllers/application_controller.rb": [
        1,
        null,
        null,
        1,
        null,
        1,
        null,
        1,
        2,
        null,
        1,
        null,
        1,
        0,
        null,
        null,
        null
      ],
      "/Users/rosannehoyem/Development/code/code-challenges/guest-book/app/models/user.rb": [
        1,
        1,
        1,
        1,
        1,
        1,
        null,
        null
      ]
    },
    "timestamp": 1391450722
  }
}
